<?xml version="1.0" encoding="UTF-8"?>
<!-- Generated by org.testng.reporters.JUnitReportReporter -->
<testsuite hostname="hemanth-PC" name="com.testing.NewTest" tests="1" failures="0" timestamp="27 Jan 2018 07:22:47 GMT" time="9.502" errors="0">
  <testcase name="f" time="9.502" classname="com.testing.NewTest"/>
</testsuite> <!-- com.testing.NewTest -->
