<?xml version="1.0" encoding="UTF-8"?>
<!-- Generated by org.testng.reporters.JUnitReportReporter -->
<testsuite hostname="hemanth-PC" name="com.testing.TC005" tests="2" failures="0" timestamp="8 Nov 2019 05:55:12 GMT" time="0.018" errors="0">
  <testcase name="sample1" time="0.001" classname="com.testing.TC005"/>
  <testcase name="sample" time="0.017" classname="com.testing.TC005"/>
</testsuite> <!-- com.testing.TC005 -->
