<?xml version="1.0" encoding="UTF-8"?>
<!-- Generated by org.testng.reporters.JUnitReportReporter -->
<testsuite hostname="hemanth-PC" name="com.testing.TC002" tests="1" failures="0" timestamp="8 Nov 2019 00:48:31 GMT" time="0.012" errors="0">
  <testcase name="testing" time="0.012" classname="com.testing.TC002"/>
</testsuite> <!-- com.testing.TC002 -->
